{"/Users/georgian-sorinmaxim/Desktop/Holiday_Extras/routes/test.js":{"path":"/Users/georgian-sorinmaxim/Desktop/Holiday_Extras/routes/test.js","s":{"1":1,"2":1,"3":1,"4":1,"5":1,"6":0,"7":0,"8":0,"9":0,"10":0,"11":0,"12":0,"13":0,"14":0,"15":0,"16":0,"17":0,"18":0,"19":0,"20":0,"21":0,"22":0,"23":0,"24":0},"b":{},"f":{"1":0,"2":0,"3":0,"4":0,"5":0,"6":0,"7":0},"fnMap":{"1":{"name":"(anonymous_1)","line":6,"loc":{"start":{"line":6,"column":19},"end":{"line":6,"column":30}}},"2":{"name":"(anonymous_2)","line":9,"loc":{"start":{"line":9,"column":9},"end":{"line":9,"column":20}}},"3":{"name":"(anonymous_3)","line":13,"loc":{"start":{"line":13,"column":8},"end":{"line":13,"column":19}}},"4":{"name":"(anonymous_4)","line":17,"loc":{"start":{"line":17,"column":53},"end":{"line":17,"column":68}}},"5":{"name":"(anonymous_5)","line":18,"loc":{"start":{"line":18,"column":79},"end":{"line":18,"column":98}}},"6":{"name":"(anonymous_6)","line":27,"loc":{"start":{"line":27,"column":56},"end":{"line":27,"column":71}}},"7":{"name":"(anonymous_7)","line":28,"loc":{"start":{"line":28,"column":63},"end":{"line":28,"column":82}}}},"statementMap":{"1":{"start":{"line":1,"column":0},"end":{"line":1,"column":31}},"2":{"start":{"line":2,"column":0},"end":{"line":2,"column":39}},"3":{"start":{"line":3,"column":0},"end":{"line":3,"column":42}},"4":{"start":{"line":4,"column":0},"end":{"line":4,"column":36}},"5":{"start":{"line":6,"column":0},"end":{"line":36,"column":3}},"6":{"start":{"line":7,"column":2},"end":{"line":7,"column":10}},"7":{"start":{"line":9,"column":2},"end":{"line":11,"column":5}},"8":{"start":{"line":10,"column":4},"end":{"line":10,"column":23}},"9":{"start":{"line":13,"column":2},"end":{"line":15,"column":5}},"10":{"start":{"line":14,"column":4},"end":{"line":14,"column":16}},"11":{"start":{"line":17,"column":2},"end":{"line":25,"column":5}},"12":{"start":{"line":18,"column":4},"end":{"line":24,"column":7}},"13":{"start":{"line":19,"column":6},"end":{"line":19,"column":26}},"14":{"start":{"line":20,"column":6},"end":{"line":20,"column":42}},"15":{"start":{"line":21,"column":6},"end":{"line":21,"column":40}},"16":{"start":{"line":22,"column":6},"end":{"line":22,"column":69}},"17":{"start":{"line":23,"column":6},"end":{"line":23,"column":13}},"18":{"start":{"line":27,"column":2},"end":{"line":35,"column":5}},"19":{"start":{"line":28,"column":4},"end":{"line":34,"column":7}},"20":{"start":{"line":29,"column":6},"end":{"line":29,"column":26}},"21":{"start":{"line":30,"column":6},"end":{"line":30,"column":49}},"22":{"start":{"line":31,"column":6},"end":{"line":31,"column":40}},"23":{"start":{"line":32,"column":6},"end":{"line":32,"column":55}},"24":{"start":{"line":33,"column":6},"end":{"line":33,"column":13}}},"branchMap":{}}}